<?xml version="1.0" encoding="UTF-8"?>
<testsuite xmlns:xsi="http://www.w3.org/2001/XMLSchema-instance" xsi:noNamespaceSchemaLocation="https://maven.apache.org/surefire/maven-surefire-plugin/xsd/surefire-test-report-3.0.xsd" version="3.0" name="runner.TestRunnerRerun" time="66.125" tests="1" errors="1" skipped="0" failures="0">
  <properties>
    <property name="sun.desktop" value="windows"/>
    <property name="awt.toolkit" value="sun.awt.windows.WToolkit"/>
    <property name="file.encoding.pkg" value="sun.io"/>
    <property name="java.specification.version" value="1.8"/>
    <property name="webdriver.chrome.driver" value="C:\Users\SuchitaNarayanTayde\.cache\selenium\chromedriver\win64\129.0.6668.91\chromedriver.exe"/>
    <property name="sun.cpu.isalist" value="amd64"/>
    <property name="sun.jnu.encoding" value="Cp1252"/>
    <property name="java.class.path" value="D:\Source\Testing\Web\Intervention_Project\target\test-classes;D:\Source\Testing\Web\Intervention_Project\target\classes;C:\Users\SuchitaNarayanTayde\.m2\repository\io\cucumber\cucumber-java\6.6.1\cucumber-java-6.6.1.jar;C:\Users\SuchitaNarayanTayde\.m2\repository\io\cucumber\cucumber-core\6.6.1\cucumber-core-6.6.1.jar;C:\Users\SuchitaNarayanTayde\.m2\repository\io\cucumber\cucumber-gherkin\6.6.1\cucumber-gherkin-6.6.1.jar;C:\Users\SuchitaNarayanTayde\.m2\repository\io\cucumber\cucumber-gherkin-messages\6.6.1\cucumber-gherkin-messages-6.6.1.jar;C:\Users\SuchitaNarayanTayde\.m2\repository\io\cucumber\messages\13.0.1\messages-13.0.1.jar;C:\Users\SuchitaNarayanTayde\.m2\repository\io\cucumber\tag-expressions\3.0.0\tag-expressions-3.0.0.jar;C:\Users\SuchitaNarayanTayde\.m2\repository\io\cucumber\cucumber-expressions\10.3.0\cucumber-expressions-10.3.0.jar;C:\Users\SuchitaNarayanTayde\.m2\repository\io\cucumber\datatable\3.4.0\datatable-3.4.0.jar;C:\Users\SuchitaNarayanTayde\.m2\repository\io\cucumber\cucumber-plugin\6.6.1\cucumber-plugin-6.6.1.jar;C:\Users\SuchitaNarayanTayde\.m2\repository\io\cucumber\docstring\6.6.1\docstring-6.6.1.jar;C:\Users\SuchitaNarayanTayde\.m2\repository\io\cucumber\html-formatter\9.0.0\html-formatter-9.0.0.jar;C:\Users\SuchitaNarayanTayde\.m2\repository\io\cucumber\create-meta\2.0.2\create-meta-2.0.2.jar;C:\Users\SuchitaNarayanTayde\.m2\repository\org\apiguardian\apiguardian-api\1.1.0\apiguardian-api-1.1.0.jar;C:\Users\SuchitaNarayanTayde\.m2\repository\io\cucumber\cucumber-junit\6.6.1\cucumber-junit-6.6.1.jar;C:\Users\SuchitaNarayanTayde\.m2\repository\io\cucumber\cucumber-picocontainer\6.6.1\cucumber-picocontainer-6.6.1.jar;C:\Users\SuchitaNarayanTayde\.m2\repository\org\picocontainer\picocontainer\2.15\picocontainer-2.15.jar;C:\Users\SuchitaNarayanTayde\.m2\repository\org\seleniumhq\selenium\selenium-java\3.141.59\selenium-java-3.141.59.jar;C:\Users\SuchitaNarayanTayde\.m2\repository\org\seleniumhq\selenium\selenium-api\3.141.59\selenium-api-3.141.59.jar;C:\Users\SuchitaNarayanTayde\.m2\repository\org\seleniumhq\selenium\selenium-chrome-driver\3.141.59\selenium-chrome-driver-3.141.59.jar;C:\Users\SuchitaNarayanTayde\.m2\repository\org\seleniumhq\selenium\selenium-edge-driver\3.141.59\selenium-edge-driver-3.141.59.jar;C:\Users\SuchitaNarayanTayde\.m2\repository\org\seleniumhq\selenium\selenium-firefox-driver\3.141.59\selenium-firefox-driver-3.141.59.jar;C:\Users\SuchitaNarayanTayde\.m2\repository\org\seleniumhq\selenium\selenium-ie-driver\3.141.59\selenium-ie-driver-3.141.59.jar;C:\Users\SuchitaNarayanTayde\.m2\repository\org\seleniumhq\selenium\selenium-opera-driver\3.141.59\selenium-opera-driver-3.141.59.jar;C:\Users\SuchitaNarayanTayde\.m2\repository\org\seleniumhq\selenium\selenium-remote-driver\3.141.59\selenium-remote-driver-3.141.59.jar;C:\Users\SuchitaNarayanTayde\.m2\repository\org\seleniumhq\selenium\selenium-safari-driver\3.141.59\selenium-safari-driver-3.141.59.jar;C:\Users\SuchitaNarayanTayde\.m2\repository\org\seleniumhq\selenium\selenium-support\3.141.59\selenium-support-3.141.59.jar;C:\Users\SuchitaNarayanTayde\.m2\repository\net\bytebuddy\byte-buddy\1.8.15\byte-buddy-1.8.15.jar;C:\Users\SuchitaNarayanTayde\.m2\repository\org\apache\commons\commons-exec\1.3\commons-exec-1.3.jar;C:\Users\SuchitaNarayanTayde\.m2\repository\com\google\guava\guava\25.0-jre\guava-25.0-jre.jar;C:\Users\SuchitaNarayanTayde\.m2\repository\com\google\code\findbugs\jsr305\1.3.9\jsr305-1.3.9.jar;C:\Users\SuchitaNarayanTayde\.m2\repository\org\checkerframework\checker-compat-qual\2.0.0\checker-compat-qual-2.0.0.jar;C:\Users\SuchitaNarayanTayde\.m2\repository\com\google\errorprone\error_prone_annotations\2.1.3\error_prone_annotations-2.1.3.jar;C:\Users\SuchitaNarayanTayde\.m2\repository\com\google\j2objc\j2objc-annotations\1.1\j2objc-annotations-1.1.jar;C:\Users\SuchitaNarayanTayde\.m2\repository\org\codehaus\mojo\animal-sniffer-annotations\1.14\animal-sniffer-annotations-1.14.jar;C:\Users\SuchitaNarayanTayde\.m2\repository\com\squareup\okhttp3\okhttp\3.11.0\okhttp-3.11.0.jar;C:\Users\SuchitaNarayanTayde\.m2\repository\com\squareup\okio\okio\1.14.0\okio-1.14.0.jar;C:\Users\SuchitaNarayanTayde\.m2\repository\junit\junit\4.12\junit-4.12.jar;C:\Users\SuchitaNarayanTayde\.m2\repository\org\hamcrest\hamcrest-core\1.3\hamcrest-core-1.3.jar;C:\Users\SuchitaNarayanTayde\.m2\repository\commons-io\commons-io\2.11.0\commons-io-2.11.0.jar;C:\Users\SuchitaNarayanTayde\.m2\repository\org\apache\logging\log4j\log4j-api\2.13.1\log4j-api-2.13.1.jar;C:\Users\SuchitaNarayanTayde\.m2\repository\org\apache\logging\log4j\log4j-core\2.13.1\log4j-core-2.13.1.jar;C:\Users\SuchitaNarayanTayde\.m2\repository\io\github\bonigarcia\webdrivermanager\5.5.3\webdrivermanager-5.5.3.jar;C:\Users\SuchitaNarayanTayde\.m2\repository\org\slf4j\slf4j-api\2.0.7\slf4j-api-2.0.7.jar;C:\Users\SuchitaNarayanTayde\.m2\repository\com\google\code\gson\gson\2.10.1\gson-2.10.1.jar;C:\Users\SuchitaNarayanTayde\.m2\repository\com\github\docker-java\docker-java\3.3.3\docker-java-3.3.3.jar;C:\Users\SuchitaNarayanTayde\.m2\repository\com\github\docker-java\docker-java-core\3.3.3\docker-java-core-3.3.3.jar;C:\Users\SuchitaNarayanTayde\.m2\repository\com\github\docker-java\docker-java-api\3.3.3\docker-java-api-3.3.3.jar;C:\Users\SuchitaNarayanTayde\.m2\repository\com\fasterxml\jackson\core\jackson-annotations\2.10.3\jackson-annotations-2.10.3.jar;C:\Users\SuchitaNarayanTayde\.m2\repository\com\fasterxml\jackson\core\jackson-databind\2.10.3\jackson-databind-2.10.3.jar;C:\Users\SuchitaNarayanTayde\.m2\repository\com\fasterxml\jackson\core\jackson-core\2.10.3\jackson-core-2.10.3.jar;C:\Users\SuchitaNarayanTayde\.m2\repository\org\bouncycastle\bcpkix-jdk18on\1.75\bcpkix-jdk18on-1.75.jar;C:\Users\SuchitaNarayanTayde\.m2\repository\org\bouncycastle\bcprov-jdk18on\1.75\bcprov-jdk18on-1.75.jar;C:\Users\SuchitaNarayanTayde\.m2\repository\org\bouncycastle\bcutil-jdk18on\1.75\bcutil-jdk18on-1.75.jar;C:\Users\SuchitaNarayanTayde\.m2\repository\org\slf4j\jcl-over-slf4j\1.7.30\jcl-over-slf4j-1.7.30.jar;C:\Users\SuchitaNarayanTayde\.m2\repository\com\github\docker-java\docker-java-transport-httpclient5\3.3.3\docker-java-transport-httpclient5-3.3.3.jar;C:\Users\SuchitaNarayanTayde\.m2\repository\com\github\docker-java\docker-java-transport\3.3.3\docker-java-transport-3.3.3.jar;C:\Users\SuchitaNarayanTayde\.m2\repository\net\java\dev\jna\jna\5.12.1\jna-5.12.1.jar;C:\Users\SuchitaNarayanTayde\.m2\repository\org\brotli\dec\0.1.2\dec-0.1.2.jar;C:\Users\SuchitaNarayanTayde\.m2\repository\org\apache\commons\commons-lang3\3.13.0\commons-lang3-3.13.0.jar;C:\Users\SuchitaNarayanTayde\.m2\repository\org\apache\httpcomponents\client5\httpclient5\5.2.1\httpclient5-5.2.1.jar;C:\Users\SuchitaNarayanTayde\.m2\repository\org\apache\httpcomponents\core5\httpcore5\5.2\httpcore5-5.2.jar;C:\Users\SuchitaNarayanTayde\.m2\repository\org\apache\httpcomponents\core5\httpcore5-h2\5.2\httpcore5-h2-5.2.jar;C:\Users\SuchitaNarayanTayde\.m2\repository\tech\grasshopper\extentreports-cucumber6-adapter\2.8.1\extentreports-cucumber6-adapter-2.8.1.jar;C:\Users\SuchitaNarayanTayde\.m2\repository\com\aventstack\extentreports\5.0.6\extentreports-5.0.6.jar;C:\Users\SuchitaNarayanTayde\.m2\repository\io\reactivex\rxjava3\rxjava\3.0.4\rxjava-3.0.4.jar;C:\Users\SuchitaNarayanTayde\.m2\repository\org\reactivestreams\reactive-streams\1.0.3\reactive-streams-1.0.3.jar;C:\Users\SuchitaNarayanTayde\.m2\repository\org\freemarker\freemarker\2.3.30\freemarker-2.3.30.jar;C:\Users\SuchitaNarayanTayde\.m2\repository\org\projectlombok\lombok\1.18.12\lombok-1.18.12.jar;C:\Users\SuchitaNarayanTayde\.m2\repository\tech\grasshopper\extent-pdf-report\1.7.1\extent-pdf-report-1.7.1.jar;C:\Users\SuchitaNarayanTayde\.m2\repository\tech\grasshopper\cucumber-pdf-report\2.2.1\cucumber-pdf-report-2.2.1.jar;C:\Users\SuchitaNarayanTayde\.m2\repository\org\apache\pdfbox\pdfbox\2.0.22\pdfbox-2.0.22.jar;C:\Users\SuchitaNarayanTayde\.m2\repository\org\apache\pdfbox\fontbox\2.0.22\fontbox-2.0.22.jar;C:\Users\SuchitaNarayanTayde\.m2\repository\org\knowm\xchart\xchart\3.8.0\xchart-3.8.0.jar;C:\Users\SuchitaNarayanTayde\.m2\repository\de\erichseifert\vectorgraphics2d\VectorGraphics2D\0.13\VectorGraphics2D-0.13.jar;C:\Users\SuchitaNarayanTayde\.m2\repository\de\rototor\pdfbox\graphics2d\0.30\graphics2d-0.30.jar;C:\Users\SuchitaNarayanTayde\.m2\repository\com\madgag\animated-gif-lib\1.4\animated-gif-lib-1.4.jar;C:\Users\SuchitaNarayanTayde\.m2\repository\org\yaml\snakeyaml\1.28\snakeyaml-1.28.jar;C:\Users\SuchitaNarayanTayde\.m2\repository\tech\grasshopper\table-layout\1.2.0\table-layout-1.2.0.jar;C:\Users\SuchitaNarayanTayde\.m2\repository\org\jsoup\jsoup\1.13.1\jsoup-1.13.1.jar;C:\Users\SuchitaNarayanTayde\.m2\repository\com\aventstack\klov-reporter\5.0.6\klov-reporter-5.0.6.jar;C:\Users\SuchitaNarayanTayde\.m2\repository\org\mongodb\bson\3.6.4\bson-3.6.4.jar;C:\Users\SuchitaNarayanTayde\.m2\repository\org\apache\httpcomponents\httpclient\4.5.2\httpclient-4.5.2.jar;C:\Users\SuchitaNarayanTayde\.m2\repository\org\apache\httpcomponents\httpcore\4.4.4\httpcore-4.4.4.jar;C:\Users\SuchitaNarayanTayde\.m2\repository\commons-logging\commons-logging\1.2\commons-logging-1.2.jar;C:\Users\SuchitaNarayanTayde\.m2\repository\org\apache\httpcomponents\httpmime\4.5.2\httpmime-4.5.2.jar;C:\Users\SuchitaNarayanTayde\.m2\repository\org\mongodb\mongodb-driver\3.3.0\mongodb-driver-3.3.0.jar;C:\Users\SuchitaNarayanTayde\.m2\repository\org\mongodb\mongodb-driver-core\3.3.0\mongodb-driver-core-3.3.0.jar;C:\Users\SuchitaNarayanTayde\.m2\repository\org\apache\poi\poi\5.2.3\poi-5.2.3.jar;C:\Users\SuchitaNarayanTayde\.m2\repository\commons-codec\commons-codec\1.15\commons-codec-1.15.jar;C:\Users\SuchitaNarayanTayde\.m2\repository\org\apache\commons\commons-collections4\4.4\commons-collections4-4.4.jar;C:\Users\SuchitaNarayanTayde\.m2\repository\org\apache\commons\commons-math3\3.6.1\commons-math3-3.6.1.jar;C:\Users\SuchitaNarayanTayde\.m2\repository\com\zaxxer\SparseBitSet\1.2\SparseBitSet-1.2.jar;C:\Users\SuchitaNarayanTayde\.m2\repository\org\apache\poi\poi-ooxml\5.2.3\poi-ooxml-5.2.3.jar;C:\Users\SuchitaNarayanTayde\.m2\repository\org\apache\poi\poi-ooxml-lite\5.2.3\poi-ooxml-lite-5.2.3.jar;C:\Users\SuchitaNarayanTayde\.m2\repository\org\apache\xmlbeans\xmlbeans\5.1.1\xmlbeans-5.1.1.jar;C:\Users\SuchitaNarayanTayde\.m2\repository\xml-apis\xml-apis\1.4.01\xml-apis-1.4.01.jar;C:\Users\SuchitaNarayanTayde\.m2\repository\org\apache\commons\commons-compress\1.21\commons-compress-1.21.jar;C:\Users\SuchitaNarayanTayde\.m2\repository\com\github\virtuald\curvesapi\1.07\curvesapi-1.07.jar;C:\Users\SuchitaNarayanTayde\.m2\repository\com\sun\mail\javax.mail\1.5.5\javax.mail-1.5.5.jar;C:\Users\SuchitaNarayanTayde\.m2\repository\javax\activation\activation\1.1\activation-1.1.jar;C:\Users\SuchitaNarayanTayde\.m2\repository\com\sun\activation\javax.activation\1.2.0\javax.activation-1.2.0.jar;"/>
    <property name="sun.awt.enableExtraMouseButtons" value="true"/>
    <property name="java.vm.vendor" value="Oracle Corporation"/>
    <property name="sun.arch.data.model" value="64"/>
    <property name="user.variant" value=""/>
    <property name="java.vendor.url" value="http://java.oracle.com/"/>
    <property name="user.timezone" value="Asia/Calcutta"/>
    <property name="java.vm.specification.version" value="1.8"/>
    <property name="os.name" value="Windows 10"/>
    <property name="user.country" value="US"/>
    <property name="sun.java.launcher" value="SUN_STANDARD"/>
    <property name="sun.boot.library.path" value="C:\Program Files\Java\jdk1.8.0_202\jre\bin"/>
    <property name="sun.java.command" value="C:\Users\SuchitaNarayanTayde\AppData\Local\Temp\surefire2181826224374066302\surefirebooter-20241009134614482_3.jar C:\Users\SuchitaNarayanTayde\AppData\Local\Temp\surefire2181826224374066302 2024-10-09T13-46-14_084-jvmRun1 surefire-20241009134614482_1tmp surefire_0-20241009134614482_2tmp"/>
    <property name="surefire.test.class.path" value="D:\Source\Testing\Web\Intervention_Project\target\test-classes;D:\Source\Testing\Web\Intervention_Project\target\classes;C:\Users\SuchitaNarayanTayde\.m2\repository\io\cucumber\cucumber-java\6.6.1\cucumber-java-6.6.1.jar;C:\Users\SuchitaNarayanTayde\.m2\repository\io\cucumber\cucumber-core\6.6.1\cucumber-core-6.6.1.jar;C:\Users\SuchitaNarayanTayde\.m2\repository\io\cucumber\cucumber-gherkin\6.6.1\cucumber-gherkin-6.6.1.jar;C:\Users\SuchitaNarayanTayde\.m2\repository\io\cucumber\cucumber-gherkin-messages\6.6.1\cucumber-gherkin-messages-6.6.1.jar;C:\Users\SuchitaNarayanTayde\.m2\repository\io\cucumber\messages\13.0.1\messages-13.0.1.jar;C:\Users\SuchitaNarayanTayde\.m2\repository\io\cucumber\tag-expressions\3.0.0\tag-expressions-3.0.0.jar;C:\Users\SuchitaNarayanTayde\.m2\repository\io\cucumber\cucumber-expressions\10.3.0\cucumber-expressions-10.3.0.jar;C:\Users\SuchitaNarayanTayde\.m2\repository\io\cucumber\datatable\3.4.0\datatable-3.4.0.jar;C:\Users\SuchitaNarayanTayde\.m2\repository\io\cucumber\cucumber-plugin\6.6.1\cucumber-plugin-6.6.1.jar;C:\Users\SuchitaNarayanTayde\.m2\repository\io\cucumber\docstring\6.6.1\docstring-6.6.1.jar;C:\Users\SuchitaNarayanTayde\.m2\repository\io\cucumber\html-formatter\9.0.0\html-formatter-9.0.0.jar;C:\Users\SuchitaNarayanTayde\.m2\repository\io\cucumber\create-meta\2.0.2\create-meta-2.0.2.jar;C:\Users\SuchitaNarayanTayde\.m2\repository\org\apiguardian\apiguardian-api\1.1.0\apiguardian-api-1.1.0.jar;C:\Users\SuchitaNarayanTayde\.m2\repository\io\cucumber\cucumber-junit\6.6.1\cucumber-junit-6.6.1.jar;C:\Users\SuchitaNarayanTayde\.m2\repository\io\cucumber\cucumber-picocontainer\6.6.1\cucumber-picocontainer-6.6.1.jar;C:\Users\SuchitaNarayanTayde\.m2\repository\org\picocontainer\picocontainer\2.15\picocontainer-2.15.jar;C:\Users\SuchitaNarayanTayde\.m2\repository\org\seleniumhq\selenium\selenium-java\3.141.59\selenium-java-3.141.59.jar;C:\Users\SuchitaNarayanTayde\.m2\repository\org\seleniumhq\selenium\selenium-api\3.141.59\selenium-api-3.141.59.jar;C:\Users\SuchitaNarayanTayde\.m2\repository\org\seleniumhq\selenium\selenium-chrome-driver\3.141.59\selenium-chrome-driver-3.141.59.jar;C:\Users\SuchitaNarayanTayde\.m2\repository\org\seleniumhq\selenium\selenium-edge-driver\3.141.59\selenium-edge-driver-3.141.59.jar;C:\Users\SuchitaNarayanTayde\.m2\repository\org\seleniumhq\selenium\selenium-firefox-driver\3.141.59\selenium-firefox-driver-3.141.59.jar;C:\Users\SuchitaNarayanTayde\.m2\repository\org\seleniumhq\selenium\selenium-ie-driver\3.141.59\selenium-ie-driver-3.141.59.jar;C:\Users\SuchitaNarayanTayde\.m2\repository\org\seleniumhq\selenium\selenium-opera-driver\3.141.59\selenium-opera-driver-3.141.59.jar;C:\Users\SuchitaNarayanTayde\.m2\repository\org\seleniumhq\selenium\selenium-remote-driver\3.141.59\selenium-remote-driver-3.141.59.jar;C:\Users\SuchitaNarayanTayde\.m2\repository\org\seleniumhq\selenium\selenium-safari-driver\3.141.59\selenium-safari-driver-3.141.59.jar;C:\Users\SuchitaNarayanTayde\.m2\repository\org\seleniumhq\selenium\selenium-support\3.141.59\selenium-support-3.141.59.jar;C:\Users\SuchitaNarayanTayde\.m2\repository\net\bytebuddy\byte-buddy\1.8.15\byte-buddy-1.8.15.jar;C:\Users\SuchitaNarayanTayde\.m2\repository\org\apache\commons\commons-exec\1.3\commons-exec-1.3.jar;C:\Users\SuchitaNarayanTayde\.m2\repository\com\google\guava\guava\25.0-jre\guava-25.0-jre.jar;C:\Users\SuchitaNarayanTayde\.m2\repository\com\google\code\findbugs\jsr305\1.3.9\jsr305-1.3.9.jar;C:\Users\SuchitaNarayanTayde\.m2\repository\org\checkerframework\checker-compat-qual\2.0.0\checker-compat-qual-2.0.0.jar;C:\Users\SuchitaNarayanTayde\.m2\repository\com\google\errorprone\error_prone_annotations\2.1.3\error_prone_annotations-2.1.3.jar;C:\Users\SuchitaNarayanTayde\.m2\repository\com\google\j2objc\j2objc-annotations\1.1\j2objc-annotations-1.1.jar;C:\Users\SuchitaNarayanTayde\.m2\repository\org\codehaus\mojo\animal-sniffer-annotations\1.14\animal-sniffer-annotations-1.14.jar;C:\Users\SuchitaNarayanTayde\.m2\repository\com\squareup\okhttp3\okhttp\3.11.0\okhttp-3.11.0.jar;C:\Users\SuchitaNarayanTayde\.m2\repository\com\squareup\okio\okio\1.14.0\okio-1.14.0.jar;C:\Users\SuchitaNarayanTayde\.m2\repository\junit\junit\4.12\junit-4.12.jar;C:\Users\SuchitaNarayanTayde\.m2\repository\org\hamcrest\hamcrest-core\1.3\hamcrest-core-1.3.jar;C:\Users\SuchitaNarayanTayde\.m2\repository\commons-io\commons-io\2.11.0\commons-io-2.11.0.jar;C:\Users\SuchitaNarayanTayde\.m2\repository\org\apache\logging\log4j\log4j-api\2.13.1\log4j-api-2.13.1.jar;C:\Users\SuchitaNarayanTayde\.m2\repository\org\apache\logging\log4j\log4j-core\2.13.1\log4j-core-2.13.1.jar;C:\Users\SuchitaNarayanTayde\.m2\repository\io\github\bonigarcia\webdrivermanager\5.5.3\webdrivermanager-5.5.3.jar;C:\Users\SuchitaNarayanTayde\.m2\repository\org\slf4j\slf4j-api\2.0.7\slf4j-api-2.0.7.jar;C:\Users\SuchitaNarayanTayde\.m2\repository\com\google\code\gson\gson\2.10.1\gson-2.10.1.jar;C:\Users\SuchitaNarayanTayde\.m2\repository\com\github\docker-java\docker-java\3.3.3\docker-java-3.3.3.jar;C:\Users\SuchitaNarayanTayde\.m2\repository\com\github\docker-java\docker-java-core\3.3.3\docker-java-core-3.3.3.jar;C:\Users\SuchitaNarayanTayde\.m2\repository\com\github\docker-java\docker-java-api\3.3.3\docker-java-api-3.3.3.jar;C:\Users\SuchitaNarayanTayde\.m2\repository\com\fasterxml\jackson\core\jackson-annotations\2.10.3\jackson-annotations-2.10.3.jar;C:\Users\SuchitaNarayanTayde\.m2\repository\com\fasterxml\jackson\core\jackson-databind\2.10.3\jackson-databind-2.10.3.jar;C:\Users\SuchitaNarayanTayde\.m2\repository\com\fasterxml\jackson\core\jackson-core\2.10.3\jackson-core-2.10.3.jar;C:\Users\SuchitaNarayanTayde\.m2\repository\org\bouncycastle\bcpkix-jdk18on\1.75\bcpkix-jdk18on-1.75.jar;C:\Users\SuchitaNarayanTayde\.m2\repository\org\bouncycastle\bcprov-jdk18on\1.75\bcprov-jdk18on-1.75.jar;C:\Users\SuchitaNarayanTayde\.m2\repository\org\bouncycastle\bcutil-jdk18on\1.75\bcutil-jdk18on-1.75.jar;C:\Users\SuchitaNarayanTayde\.m2\repository\org\slf4j\jcl-over-slf4j\1.7.30\jcl-over-slf4j-1.7.30.jar;C:\Users\SuchitaNarayanTayde\.m2\repository\com\github\docker-java\docker-java-transport-httpclient5\3.3.3\docker-java-transport-httpclient5-3.3.3.jar;C:\Users\SuchitaNarayanTayde\.m2\repository\com\github\docker-java\docker-java-transport\3.3.3\docker-java-transport-3.3.3.jar;C:\Users\SuchitaNarayanTayde\.m2\repository\net\java\dev\jna\jna\5.12.1\jna-5.12.1.jar;C:\Users\SuchitaNarayanTayde\.m2\repository\org\brotli\dec\0.1.2\dec-0.1.2.jar;C:\Users\SuchitaNarayanTayde\.m2\repository\org\apache\commons\commons-lang3\3.13.0\commons-lang3-3.13.0.jar;C:\Users\SuchitaNarayanTayde\.m2\repository\org\apache\httpcomponents\client5\httpclient5\5.2.1\httpclient5-5.2.1.jar;C:\Users\SuchitaNarayanTayde\.m2\repository\org\apache\httpcomponents\core5\httpcore5\5.2\httpcore5-5.2.jar;C:\Users\SuchitaNarayanTayde\.m2\repository\org\apache\httpcomponents\core5\httpcore5-h2\5.2\httpcore5-h2-5.2.jar;C:\Users\SuchitaNarayanTayde\.m2\repository\tech\grasshopper\extentreports-cucumber6-adapter\2.8.1\extentreports-cucumber6-adapter-2.8.1.jar;C:\Users\SuchitaNarayanTayde\.m2\repository\com\aventstack\extentreports\5.0.6\extentreports-5.0.6.jar;C:\Users\SuchitaNarayanTayde\.m2\repository\io\reactivex\rxjava3\rxjava\3.0.4\rxjava-3.0.4.jar;C:\Users\SuchitaNarayanTayde\.m2\repository\org\reactivestreams\reactive-streams\1.0.3\reactive-streams-1.0.3.jar;C:\Users\SuchitaNarayanTayde\.m2\repository\org\freemarker\freemarker\2.3.30\freemarker-2.3.30.jar;C:\Users\SuchitaNarayanTayde\.m2\repository\org\projectlombok\lombok\1.18.12\lombok-1.18.12.jar;C:\Users\SuchitaNarayanTayde\.m2\repository\tech\grasshopper\extent-pdf-report\1.7.1\extent-pdf-report-1.7.1.jar;C:\Users\SuchitaNarayanTayde\.m2\repository\tech\grasshopper\cucumber-pdf-report\2.2.1\cucumber-pdf-report-2.2.1.jar;C:\Users\SuchitaNarayanTayde\.m2\repository\org\apache\pdfbox\pdfbox\2.0.22\pdfbox-2.0.22.jar;C:\Users\SuchitaNarayanTayde\.m2\repository\org\apache\pdfbox\fontbox\2.0.22\fontbox-2.0.22.jar;C:\Users\SuchitaNarayanTayde\.m2\repository\org\knowm\xchart\xchart\3.8.0\xchart-3.8.0.jar;C:\Users\SuchitaNarayanTayde\.m2\repository\de\erichseifert\vectorgraphics2d\VectorGraphics2D\0.13\VectorGraphics2D-0.13.jar;C:\Users\SuchitaNarayanTayde\.m2\repository\de\rototor\pdfbox\graphics2d\0.30\graphics2d-0.30.jar;C:\Users\SuchitaNarayanTayde\.m2\repository\com\madgag\animated-gif-lib\1.4\animated-gif-lib-1.4.jar;C:\Users\SuchitaNarayanTayde\.m2\repository\org\yaml\snakeyaml\1.28\snakeyaml-1.28.jar;C:\Users\SuchitaNarayanTayde\.m2\repository\tech\grasshopper\table-layout\1.2.0\table-layout-1.2.0.jar;C:\Users\SuchitaNarayanTayde\.m2\repository\org\jsoup\jsoup\1.13.1\jsoup-1.13.1.jar;C:\Users\SuchitaNarayanTayde\.m2\repository\com\aventstack\klov-reporter\5.0.6\klov-reporter-5.0.6.jar;C:\Users\SuchitaNarayanTayde\.m2\repository\org\mongodb\bson\3.6.4\bson-3.6.4.jar;C:\Users\SuchitaNarayanTayde\.m2\repository\org\apache\httpcomponents\httpclient\4.5.2\httpclient-4.5.2.jar;C:\Users\SuchitaNarayanTayde\.m2\repository\org\apache\httpcomponents\httpcore\4.4.4\httpcore-4.4.4.jar;C:\Users\SuchitaNarayanTayde\.m2\repository\commons-logging\commons-logging\1.2\commons-logging-1.2.jar;C:\Users\SuchitaNarayanTayde\.m2\repository\org\apache\httpcomponents\httpmime\4.5.2\httpmime-4.5.2.jar;C:\Users\SuchitaNarayanTayde\.m2\repository\org\mongodb\mongodb-driver\3.3.0\mongodb-driver-3.3.0.jar;C:\Users\SuchitaNarayanTayde\.m2\repository\org\mongodb\mongodb-driver-core\3.3.0\mongodb-driver-core-3.3.0.jar;C:\Users\SuchitaNarayanTayde\.m2\repository\org\apache\poi\poi\5.2.3\poi-5.2.3.jar;C:\Users\SuchitaNarayanTayde\.m2\repository\commons-codec\commons-codec\1.15\commons-codec-1.15.jar;C:\Users\SuchitaNarayanTayde\.m2\repository\org\apache\commons\commons-collections4\4.4\commons-collections4-4.4.jar;C:\Users\SuchitaNarayanTayde\.m2\repository\org\apache\commons\commons-math3\3.6.1\commons-math3-3.6.1.jar;C:\Users\SuchitaNarayanTayde\.m2\repository\com\zaxxer\SparseBitSet\1.2\SparseBitSet-1.2.jar;C:\Users\SuchitaNarayanTayde\.m2\repository\org\apache\poi\poi-ooxml\5.2.3\poi-ooxml-5.2.3.jar;C:\Users\SuchitaNarayanTayde\.m2\repository\org\apache\poi\poi-ooxml-lite\5.2.3\poi-ooxml-lite-5.2.3.jar;C:\Users\SuchitaNarayanTayde\.m2\repository\org\apache\xmlbeans\xmlbeans\5.1.1\xmlbeans-5.1.1.jar;C:\Users\SuchitaNarayanTayde\.m2\repository\xml-apis\xml-apis\1.4.01\xml-apis-1.4.01.jar;C:\Users\SuchitaNarayanTayde\.m2\repository\org\apache\commons\commons-compress\1.21\commons-compress-1.21.jar;C:\Users\SuchitaNarayanTayde\.m2\repository\com\github\virtuald\curvesapi\1.07\curvesapi-1.07.jar;C:\Users\SuchitaNarayanTayde\.m2\repository\com\sun\mail\javax.mail\1.5.5\javax.mail-1.5.5.jar;C:\Users\SuchitaNarayanTayde\.m2\repository\javax\activation\activation\1.1\activation-1.1.jar;C:\Users\SuchitaNarayanTayde\.m2\repository\com\sun\activation\javax.activation\1.2.0\javax.activation-1.2.0.jar;"/>
    <property name="sun.cpu.endian" value="little"/>
    <property name="user.home" value="C:\Users\SuchitaNarayanTayde"/>
    <property name="user.language" value="en"/>
    <property name="java.specification.vendor" value="Oracle Corporation"/>
    <property name="java.home" value="C:\Program Files\Java\jdk1.8.0_202\jre"/>
    <property name="basedir" value="D:\Source\Testing\Web\Intervention_Project"/>
    <property name="style.color" value="always"/>
    <property name="file.separator" value="\"/>
    <property name="line.separator" value="&#10;"/>
    <property name="java.vm.specification.vendor" value="Oracle Corporation"/>
    <property name="java.specification.name" value="Java Platform API Specification"/>
    <property name="java.awt.graphicsenv" value="sun.awt.Win32GraphicsEnvironment"/>
    <property name="surefire.real.class.path" value="C:\Users\SuchitaNarayanTayde\AppData\Local\Temp\surefire2181826224374066302\surefirebooter-20241009134614482_3.jar"/>
    <property name="sun.boot.class.path" value="C:\Program Files\Java\jdk1.8.0_202\jre\lib\resources.jar;C:\Program Files\Java\jdk1.8.0_202\jre\lib\rt.jar;C:\Program Files\Java\jdk1.8.0_202\jre\lib\sunrsasign.jar;C:\Program Files\Java\jdk1.8.0_202\jre\lib\jsse.jar;C:\Program Files\Java\jdk1.8.0_202\jre\lib\jce.jar;C:\Program Files\Java\jdk1.8.0_202\jre\lib\charsets.jar;C:\Program Files\Java\jdk1.8.0_202\jre\lib\jfr.jar;C:\Program Files\Java\jdk1.8.0_202\jre\classes"/>
    <property name="user.script" value=""/>
    <property name="sun.management.compiler" value="HotSpot 64-Bit Tiered Compilers"/>
    <property name="java.runtime.version" value="1.8.0_202-b08"/>
    <property name="user.name" value="SuchitaNarayanTayde"/>
    <property name="path.separator" value=";"/>
    <property name="os.version" value="10.0"/>
    <property name="java.endorsed.dirs" value="C:\Program Files\Java\jdk1.8.0_202\jre\lib\endorsed"/>
    <property name="java.runtime.name" value="Java(TM) SE Runtime Environment"/>
    <property name="file.encoding" value="Cp1252"/>
    <property name="java.vm.name" value="Java HotSpot(TM) 64-Bit Server VM"/>
    <property name="localRepository" value="C:\Users\SuchitaNarayanTayde\.m2\repository"/>
    <property name="java.vendor.url.bug" value="http://bugreport.sun.com/bugreport/"/>
    <property name="java.io.tmpdir" value="C:\Users\SUCHIT~1\AppData\Local\Temp\"/>
    <property name="java.version" value="1.8.0_202"/>
    <property name="user.dir" value="D:\Source\Testing\Web\Intervention_Project"/>
    <property name="os.arch" value="amd64"/>
    <property name="java.vm.specification.name" value="Java Virtual Machine Specification"/>
    <property name="java.awt.printerjob" value="sun.awt.windows.WPrinterJob"/>
    <property name="sun.os.patch.level" value=""/>
    <property name="java.library.path" value="C:\Program Files\Java\jdk1.8.0_202\jre\bin;C:\Windows\Sun\Java\bin;C:\Windows\system32;C:\Windows;C:/Users/SuchitaNarayanTayde/.p2/pool/plugins/org.eclipse.justj.openjdk.hotspot.jre.full.win32.x86_64_17.0.10.v20240120-1143/jre/bin/server;C:/Users/SuchitaNarayanTayde/.p2/pool/plugins/org.eclipse.justj.openjdk.hotspot.jre.full.win32.x86_64_17.0.10.v20240120-1143/jre/bin;C:\Program Files\Common Files\Oracle\Java\javapath;&quot;C:\Program Files (x86)\Common Files\Oracle\Java\javapath;C:\Program Files\Java\jdk-17\bin;&quot;;C:\Windows\system32;C:\Windows;C:\Windows\System32\Wbem;C:\Windows\System32\WindowsPowerShell\v1.0\;C:\Windows\System32\OpenSSH\;C:\Program Files (x86)\nodejs\;C:\Program Files\Azure Data Studio\bin;C:\Program Files\Microsoft SQL Server\150\Tools\Binn\;C:\Program Files\TortoiseSVN\bin;D:\Users\Suchita\apache-maven-3.9.6\bin;C:\Program Files\Java\jdk-17\bin;C:\Users\SuchitaNarayanTayde\Downloads\gradle-8.7-bin.zip\gradle-8.7\bin;C:\Program Files\Git\cmd;C:\Program Files\ffmpeg\bin;C:\Program Files\Java\jdk-17\bin;C:\Users\SuchitaNarayanTayde\AppData\Local\Microsoft\WindowsApps;;C:\Users\SuchitaNarayanTayde\OneDrive - XSS BVBA\Desktop;;."/>
    <property name="java.vm.info" value="mixed mode"/>
    <property name="java.vendor" value="Oracle Corporation"/>
    <property name="java.vm.version" value="25.202-b08"/>
    <property name="java.ext.dirs" value="C:\Program Files\Java\jdk1.8.0_202\jre\lib\ext;C:\Windows\Sun\Java\lib\ext"/>
    <property name="sun.io.unicode.encoding" value="UnicodeLittle"/>
    <property name="java.class.version" value="52.0"/>
  </properties>
  <testcase name="Validate export to excel in Overview screen functionality" classname="Login page feature" time="64.683">
    <error message="element click intercepted: Element &lt;button _ngcontent-ng-c3406034334=&quot;&quot; type=&quot;button&quot; pbutton=&quot;&quot; pripple=&quot;&quot; tooltipposition=&quot;top&quot; icon=&quot;fas fa-download&quot; class=&quot;p-element p-button-rounded p-mr-2 p-mb-2 p-button p-component p-button-icon-only&quot; id=&quot;btn_expt__Overview&quot; disabled=&quot;&quot;&gt;...&lt;/button&gt; is not clickable at point (1331, 244). Other element would receive the click: &lt;span _ngcontent-ng-c3406034334=&quot;&quot; class=&quot;exportButton ng-star-inserted&quot;&gt;...&lt;/span&gt;&#10;  (Session info: chrome=129.0.6668.90)&#10;Build info: version: &apos;3.141.59&apos;, revision: &apos;e82be7d358&apos;, time: &apos;2018-11-14T08:17:03&apos;&#10;System info: host: &apos;XSSPC07&apos;, ip: &apos;10.10.222.101&apos;, os.name: &apos;Windows 10&apos;, os.arch: &apos;amd64&apos;, os.version: &apos;10.0&apos;, java.version: &apos;1.8.0_202&apos;&#10;Driver info: org.openqa.selenium.chrome.ChromeDriver&#10;Capabilities {acceptInsecureCerts: false, browserName: chrome, browserVersion: 129.0.6668.90, chrome: {chromedriverVersion: 129.0.6668.91 (b00bc8b76d60..., userDataDir: C:\Users\SUCHIT~1\AppData\L...}, fedcm:accounts: true, goog:chromeOptions: {debuggerAddress: localhost:53645}, javascriptEnabled: true, networkConnectionEnabled: false, pageLoadStrategy: normal, platform: WINDOWS, platformName: WINDOWS, proxy: Proxy(), setWindowRect: true, strictFileInteractability: false, timeouts: {implicit: 0, pageLoad: 300000, script: 30000}, unhandledPromptBehavior: dismiss and notify, webauthn:extension:credBlob: true, webauthn:extension:largeBlob: true, webauthn:extension:minPinLength: true, webauthn:extension:prf: true, webauthn:virtualAuthenticators: true}&#10;Session ID: acefbf594681ce51e31733b707389cc6" type="org.openqa.selenium.ElementClickInterceptedException"><![CDATA[org.openqa.selenium.ElementClickInterceptedException: 
element click intercepted: Element <button _ngcontent-ng-c3406034334="" type="button" pbutton="" pripple="" tooltipposition="top" icon="fas fa-download" class="p-element p-button-rounded p-mr-2 p-mb-2 p-button p-component p-button-icon-only" id="btn_expt__Overview" disabled="">...</button> is not clickable at point (1331, 244). Other element would receive the click: <span _ngcontent-ng-c3406034334="" class="exportButton ng-star-inserted">...</span>
  (Session info: chrome=129.0.6668.90)
Build info: version: '3.141.59', revision: 'e82be7d358', time: '2018-11-14T08:17:03'
System info: host: 'XSSPC07', ip: '10.10.222.101', os.name: 'Windows 10', os.arch: 'amd64', os.version: '10.0', java.version: '1.8.0_202'
Driver info: org.openqa.selenium.chrome.ChromeDriver
Capabilities {acceptInsecureCerts: false, browserName: chrome, browserVersion: 129.0.6668.90, chrome: {chromedriverVersion: 129.0.6668.91 (b00bc8b76d60..., userDataDir: C:\Users\SUCHIT~1\AppData\L...}, fedcm:accounts: true, goog:chromeOptions: {debuggerAddress: localhost:53645}, javascriptEnabled: true, networkConnectionEnabled: false, pageLoadStrategy: normal, platform: WINDOWS, platformName: WINDOWS, proxy: Proxy(), setWindowRect: true, strictFileInteractability: false, timeouts: {implicit: 0, pageLoad: 300000, script: 30000}, unhandledPromptBehavior: dismiss and notify, webauthn:extension:credBlob: true, webauthn:extension:largeBlob: true, webauthn:extension:minPinLength: true, webauthn:extension:prf: true, webauthn:virtualAuthenticators: true}
Session ID: acefbf594681ce51e31733b707389cc6
	at sun.reflect.NativeConstructorAccessorImpl.newInstance0(Native Method)
	at sun.reflect.NativeConstructorAccessorImpl.newInstance(NativeConstructorAccessorImpl.java:62)
	at sun.reflect.DelegatingConstructorAccessorImpl.newInstance(DelegatingConstructorAccessorImpl.java:45)
	at java.lang.reflect.Constructor.newInstance(Constructor.java:423)
	at org.openqa.selenium.remote.http.W3CHttpResponseCodec.createException(W3CHttpResponseCodec.java:187)
	at org.openqa.selenium.remote.http.W3CHttpResponseCodec.decode(W3CHttpResponseCodec.java:122)
	at org.openqa.selenium.remote.http.W3CHttpResponseCodec.decode(W3CHttpResponseCodec.java:49)
	at org.openqa.selenium.remote.HttpCommandExecutor.execute(HttpCommandExecutor.java:158)
	at org.openqa.selenium.remote.service.DriverCommandExecutor.execute(DriverCommandExecutor.java:83)
	at org.openqa.selenium.remote.RemoteWebDriver.execute(RemoteWebDriver.java:552)
	at org.openqa.selenium.remote.RemoteWebElement.execute(RemoteWebElement.java:285)
	at org.openqa.selenium.remote.RemoteWebElement.click(RemoteWebElement.java:84)
	at pageobjects.NewInterventionPage.Export_Excel(NewInterventionPage.java:606)
	at stepDefs.NewIntervention_StepDefs.user_are_able_to_export_the_intervention_in_overview_screen(NewIntervention_StepDefs.java:347)
	at ✽.User are able to export the intervention in overview screen(classpath:features/Intervention.feature:63)
]]></error>
    <system-out><![CDATA[
@ui @exportExcel
Scenario Outline: Validate export to excel in Overview screen functionality                                                                  # features/Intervention.feature:68

    Browser invoked


    Browser navigated to url


    Clicked on I agree button

  Given User is on the login page                                                                                                            # stepDefs.Login_StepDefs.user_is_on_the_login_page()

    Entered Username :suchita@xss.be


    Entered Password :9q5C+s2D

  And User logs into the intervention application using the username and password provided in a spreadsheet named "Login" at the specified 0 # stepDefs.Login_StepDefs.user_logs_into_the_intervention_application_using_the_username_and_password_provided_in_a_spreadsheet_named_at_the_specified(java.lang.String,java.lang.Integer)

    Assert passed


    Toast message after clicked on sign in button : Logged in Successfully.

Assert passed
  And User clicks on the Sign In button in a spreadsheet named "Login" at the specified 0                                                    # stepDefs.Login_StepDefs.user_clicks_on_the_sign_in_button_in_a_spreadsheet_named_at_the_specified(java.lang.String,java.lang.Integer)

    Clicked on Intervention


    Clicked on Overview

  And User navigates to the intervention overview screen                                                                                     # stepDefs.NewIntervention_StepDefs.user_navigates_to_the_intervention_overview_screen()
Month of year1: October 2024
30 August 2024
Current Month and Year: 30 August 2024
1
  And User are able to filter the intervention by username and date "Login" at the specified 0                                               # stepDefs.NewIntervention_StepDefs.user_are_able_to_filter_the_intervention_by_username_and_date_at_the_specified(java.lang.String,java.lang.Integer)
Total no of checkboxes:0
  Then User are able to export the intervention in overview screen                                                                           # stepDefs.NewIntervention_StepDefs.user_are_able_to_export_the_intervention_in_overview_screen()
      org.openqa.selenium.ElementClickInterceptedException: element click intercepted: Element <button _ngcontent-ng-c3406034334="" type="button" pbutton="" pripple="" tooltipposition="top" icon="fas fa-download" class="p-element p-button-rounded p-mr-2 p-mb-2 p-button p-component p-button-icon-only" id="btn_expt__Overview" disabled="">...</button> is not clickable at point (1331, 244). Other element would receive the click: <span _ngcontent-ng-c3406034334="" class="exportButton ng-star-inserted">...</span>
  (Session info: chrome=129.0.6668.90)
Build info: version: '3.141.59', revision: 'e82be7d358', time: '2018-11-14T08:17:03'
System info: host: 'XSSPC07', ip: '10.10.222.101', os.name: 'Windows 10', os.arch: 'amd64', os.version: '10.0', java.version: '1.8.0_202'
Driver info: org.openqa.selenium.chrome.ChromeDriver
Capabilities {acceptInsecureCerts: false, browserName: chrome, browserVersion: 129.0.6668.90, chrome: {chromedriverVersion: 129.0.6668.91 (b00bc8b76d60..., userDataDir: C:\Users\SUCHIT~1\AppData\L...}, fedcm:accounts: true, goog:chromeOptions: {debuggerAddress: localhost:53645}, javascriptEnabled: true, networkConnectionEnabled: false, pageLoadStrategy: normal, platform: WINDOWS, platformName: WINDOWS, proxy: Proxy(), setWindowRect: true, strictFileInteractability: false, timeouts: {implicit: 0, pageLoad: 300000, script: 30000}, unhandledPromptBehavior: dismiss and notify, webauthn:extension:credBlob: true, webauthn:extension:largeBlob: true, webauthn:extension:minPinLength: true, webauthn:extension:prf: true, webauthn:virtualAuthenticators: true}
Session ID: acefbf594681ce51e31733b707389cc6
	at sun.reflect.NativeConstructorAccessorImpl.newInstance0(Native Method)
	at sun.reflect.NativeConstructorAccessorImpl.newInstance(NativeConstructorAccessorImpl.java:62)
	at sun.reflect.DelegatingConstructorAccessorImpl.newInstance(DelegatingConstructorAccessorImpl.java:45)
	at java.lang.reflect.Constructor.newInstance(Constructor.java:423)
	at org.openqa.selenium.remote.http.W3CHttpResponseCodec.createException(W3CHttpResponseCodec.java:187)
	at org.openqa.selenium.remote.http.W3CHttpResponseCodec.decode(W3CHttpResponseCodec.java:122)
	at org.openqa.selenium.remote.http.W3CHttpResponseCodec.decode(W3CHttpResponseCodec.java:49)
	at org.openqa.selenium.remote.HttpCommandExecutor.execute(HttpCommandExecutor.java:158)
	at org.openqa.selenium.remote.service.DriverCommandExecutor.execute(DriverCommandExecutor.java:83)
	at org.openqa.selenium.remote.RemoteWebDriver.execute(RemoteWebDriver.java:552)
	at org.openqa.selenium.remote.RemoteWebElement.execute(RemoteWebElement.java:285)
	at org.openqa.selenium.remote.RemoteWebElement.click(RemoteWebElement.java:84)
	at pageobjects.NewInterventionPage.Export_Excel(NewInterventionPage.java:606)
	at stepDefs.NewIntervention_StepDefs.user_are_able_to_export_the_intervention_in_overview_screen(NewIntervention_StepDefs.java:347)
	at âœ½.User are able to export the intervention in overview screen(classpath:features/Intervention.feature:63)


    Step is failed


    Embedding Failed Step Name: Validate export to excel in Overview screen functionality [image/png 64626 bytes]

Validate export to excel in Overview screen functionality

    Browser closed

]]></system-out>
    <system-err><![CDATA[Starting ChromeDriver 129.0.6668.91 (b00bc8b76d601dfd7471dbed072a547601ee7665-refs/branch-heads/6668@{#1505}) on port 5457
Only local connections are allowed.
Please see https://chromedriver.chromium.org/security-considerations for suggestions on keeping ChromeDriver safe.
ChromeDriver was started successfully on port 5457.
Oct 09, 2024 2:28:14 PM org.openqa.selenium.remote.ProtocolHandshake createSession
INFO: Detected dialect: W3C
]]></system-err>
  </testcase>
</testsuite>